CRITICAL - 2020-12-18 01:45:46 --> unlink(C:\xampp\htdocs\movie\spxmovie\writable\debugbar/debugbar_1608268101.json): No such file or directory
#0 [internal function]: CodeIgniter\Debug\Exceptions->errorHandler(2, 'unlink(C:\\xampp...', 'C:\\xampp\\htdocs...', 106, Array)
#1 C:\xampp\htdocs\movie\spxmovie\system\Debug\Toolbar\Collectors\History.php(106): unlink('C:\\xampp\\htdocs...')
#2 C:\xampp\htdocs\movie\spxmovie\system\Debug\Toolbar.php(481): CodeIgniter\Debug\Toolbar\Collectors\History->setFiles(1608277545, 20)
#3 C:\xampp\htdocs\movie\spxmovie\system\Debug\Toolbar.php(454): CodeIgniter\Debug\Toolbar->format(Array, 'html')
#4 C:\xampp\htdocs\movie\spxmovie\app\Config\Events.php(44): CodeIgniter\Debug\Toolbar->respond()
#5 [internal function]: CodeIgniter\Events\Events::Config\{closure}()
#6 C:\xampp\htdocs\movie\spxmovie\system\Events\Events.php(188): call_user_func(Object(Closure))
#7 C:\xampp\htdocs\movie\spxmovie\system\CodeIgniter.php(287): CodeIgniter\Events\Events::trigger('pre_system')
#8 C:\xampp\htdocs\movie\spxmovie\index.php(45): CodeIgniter\CodeIgniter->run()
#9 {main}
CRITICAL - 2020-12-18 04:20:48 --> Undefined index: NameEp
#0 C:\xampp\htdocs\movie\spxmovie\app\Views\anime\video.php(131): CodeIgniter\Debug\Exceptions->errorHandler(8, 'Undefined index...', 'C:\\xampp\\htdocs...', 131, Array)
#1 C:\xampp\htdocs\movie\spxmovie\system\View\View.php(236): include('C:\\xampp\\htdocs...')
#2 C:\xampp\htdocs\movie\spxmovie\system\Common.php(1071): CodeIgniter\View\View->render('anime/video.php', Array, true)
#3 C:\xampp\htdocs\movie\spxmovie\app\Controllers\Anime.php(144): view('anime/video.php', Array)
#4 C:\xampp\htdocs\movie\spxmovie\system\CodeIgniter.php(910): App\Controllers\Anime->anime('13', 'Mirai-Nikki-%28...', '0', 'Mirai-Nikki-%28...')
#5 C:\xampp\htdocs\movie\spxmovie\system\CodeIgniter.php(398): CodeIgniter\CodeIgniter->runController(Object(App\Controllers\Anime))
#6 C:\xampp\htdocs\movie\spxmovie\system\CodeIgniter.php(306): CodeIgniter\CodeIgniter->handleRequest(NULL, Object(Config\Cache), false)
#7 C:\xampp\htdocs\movie\spxmovie\index.php(45): CodeIgniter\CodeIgniter->run()
#8 {main}
CRITICAL - 2020-12-18 04:21:03 --> Undefined index: NameEp
#0 C:\xampp\htdocs\movie\spxmovie\app\Views\anime\video.php(130): CodeIgniter\Debug\Exceptions->errorHandler(8, 'Undefined index...', 'C:\\xampp\\htdocs...', 130, Array)
#1 C:\xampp\htdocs\movie\spxmovie\system\View\View.php(236): include('C:\\xampp\\htdocs...')
#2 C:\xampp\htdocs\movie\spxmovie\system\Common.php(1071): CodeIgniter\View\View->render('anime/video.php', Array, true)
#3 C:\xampp\htdocs\movie\spxmovie\app\Controllers\Anime.php(144): view('anime/video.php', Array)
#4 C:\xampp\htdocs\movie\spxmovie\system\CodeIgniter.php(910): App\Controllers\Anime->anime('13', 'Mirai-Nikki-%28...', '0', 'Mirai-Nikki-%28...')
#5 C:\xampp\htdocs\movie\spxmovie\system\CodeIgniter.php(398): CodeIgniter\CodeIgniter->runController(Object(App\Controllers\Anime))
#6 C:\xampp\htdocs\movie\spxmovie\system\CodeIgniter.php(306): CodeIgniter\CodeIgniter->handleRequest(NULL, Object(Config\Cache), false)
#7 C:\xampp\htdocs\movie\spxmovie\index.php(45): CodeIgniter\CodeIgniter->run()
#8 {main}
CRITICAL - 2020-12-18 04:21:04 --> Undefined index: NameEp
#0 C:\xampp\htdocs\movie\spxmovie\app\Views\anime\video.php(130): CodeIgniter\Debug\Exceptions->errorHandler(8, 'Undefined index...', 'C:\\xampp\\htdocs...', 130, Array)
#1 C:\xampp\htdocs\movie\spxmovie\system\View\View.php(236): include('C:\\xampp\\htdocs...')
#2 C:\xampp\htdocs\movie\spxmovie\system\Common.php(1071): CodeIgniter\View\View->render('anime/video.php', Array, true)
#3 C:\xampp\htdocs\movie\spxmovie\app\Controllers\Anime.php(144): view('anime/video.php', Array)
#4 C:\xampp\htdocs\movie\spxmovie\system\CodeIgniter.php(910): App\Controllers\Anime->anime('13', 'Mirai-Nikki-%28...', '0', 'Mirai-Nikki-%28...')
#5 C:\xampp\htdocs\movie\spxmovie\system\CodeIgniter.php(398): CodeIgniter\CodeIgniter->runController(Object(App\Controllers\Anime))
#6 C:\xampp\htdocs\movie\spxmovie\system\CodeIgniter.php(306): CodeIgniter\CodeIgniter->handleRequest(NULL, Object(Config\Cache), false)
#7 C:\xampp\htdocs\movie\spxmovie\index.php(45): CodeIgniter\CodeIgniter->run()
#8 {main}
CRITICAL - 2020-12-18 04:21:08 --> syntax error, unexpected end of file
#0 C:\xampp\htdocs\movie\spxmovie\system\Common.php(1071): CodeIgniter\View\View->render('anime/video.php', Array, true)
#1 C:\xampp\htdocs\movie\spxmovie\app\Controllers\Anime.php(144): view('anime/video.php', Array)
#2 C:\xampp\htdocs\movie\spxmovie\system\CodeIgniter.php(910): App\Controllers\Anime->anime('13', 'Mirai-Nikki-%28...', '0', 'Mirai-Nikki-%28...')
#3 C:\xampp\htdocs\movie\spxmovie\system\CodeIgniter.php(398): CodeIgniter\CodeIgniter->runController(Object(App\Controllers\Anime))
#4 C:\xampp\htdocs\movie\spxmovie\system\CodeIgniter.php(306): CodeIgniter\CodeIgniter->handleRequest(NULL, Object(Config\Cache), false)
#5 C:\xampp\htdocs\movie\spxmovie\index.php(45): CodeIgniter\CodeIgniter->run()
#6 {main}
CRITICAL - 2020-12-18 04:22:18 --> Undefined variable: key
#0 C:\xampp\htdocs\movie\spxmovie\app\Views\anime\video.php(127): CodeIgniter\Debug\Exceptions->errorHandler(8, 'Undefined varia...', 'C:\\xampp\\htdocs...', 127, Array)
#1 C:\xampp\htdocs\movie\spxmovie\system\View\View.php(236): include('C:\\xampp\\htdocs...')
#2 C:\xampp\htdocs\movie\spxmovie\system\Common.php(1071): CodeIgniter\View\View->render('anime/video.php', Array, true)
#3 C:\xampp\htdocs\movie\spxmovie\app\Controllers\Anime.php(144): view('anime/video.php', Array)
#4 C:\xampp\htdocs\movie\spxmovie\system\CodeIgniter.php(910): App\Controllers\Anime->anime('13', 'Mirai-Nikki-%28...', '0', 'Mirai-Nikki-%28...')
#5 C:\xampp\htdocs\movie\spxmovie\system\CodeIgniter.php(398): CodeIgniter\CodeIgniter->runController(Object(App\Controllers\Anime))
#6 C:\xampp\htdocs\movie\spxmovie\system\CodeIgniter.php(306): CodeIgniter\CodeIgniter->handleRequest(NULL, Object(Config\Cache), false)
#7 C:\xampp\htdocs\movie\spxmovie\index.php(45): CodeIgniter\CodeIgniter->run()
#8 {main}
CRITICAL - 2020-12-18 05:26:35 --> Undefined index: name_ep
#0 C:\xampp\htdocs\movie\spxmovie\app\Views\anime\video.php(132): CodeIgniter\Debug\Exceptions->errorHandler(8, 'Undefined index...', 'C:\\xampp\\htdocs...', 132, Array)
#1 C:\xampp\htdocs\movie\spxmovie\system\View\View.php(236): include('C:\\xampp\\htdocs...')
#2 C:\xampp\htdocs\movie\spxmovie\system\Common.php(1071): CodeIgniter\View\View->render('anime/video.php', Array, true)
#3 C:\xampp\htdocs\movie\spxmovie\app\Controllers\Anime.php(144): view('anime/video.php', Array)
#4 C:\xampp\htdocs\movie\spxmovie\system\CodeIgniter.php(910): App\Controllers\Anime->anime('13', 'Mirai-Nikki-%28...', '0', 'Mirai-Nikki-%28...')
#5 C:\xampp\htdocs\movie\spxmovie\system\CodeIgniter.php(398): CodeIgniter\CodeIgniter->runController(Object(App\Controllers\Anime))
#6 C:\xampp\htdocs\movie\spxmovie\system\CodeIgniter.php(306): CodeIgniter\CodeIgniter->handleRequest(NULL, Object(Config\Cache), false)
#7 C:\xampp\htdocs\movie\spxmovie\index.php(45): CodeIgniter\CodeIgniter->run()
#8 {main}
CRITICAL - 2020-12-18 05:29:13 --> Uninitialized string offset: 4
#0 C:\xampp\htdocs\movie\spxmovie\app\Views\anime\video.php(129): CodeIgniter\Debug\Exceptions->errorHandler(8, 'Uninitialized s...', 'C:\\xampp\\htdocs...', 129, Array)
#1 C:\xampp\htdocs\movie\spxmovie\system\View\View.php(236): include('C:\\xampp\\htdocs...')
#2 C:\xampp\htdocs\movie\spxmovie\system\Common.php(1071): CodeIgniter\View\View->render('anime/video.php', Array, true)
#3 C:\xampp\htdocs\movie\spxmovie\app\Controllers\Anime.php(144): view('anime/video.php', Array)
#4 C:\xampp\htdocs\movie\spxmovie\system\CodeIgniter.php(910): App\Controllers\Anime->anime('13', 'Mirai-Nikki-%28...', '0', 'Mirai-Nikki-%28...')
#5 C:\xampp\htdocs\movie\spxmovie\system\CodeIgniter.php(398): CodeIgniter\CodeIgniter->runController(Object(App\Controllers\Anime))
#6 C:\xampp\htdocs\movie\spxmovie\system\CodeIgniter.php(306): CodeIgniter\CodeIgniter->handleRequest(NULL, Object(Config\Cache), false)
#7 C:\xampp\htdocs\movie\spxmovie\index.php(45): CodeIgniter\CodeIgniter->run()
#8 {main}
CRITICAL - 2020-12-18 20:31:51 --> Undefined index: movie_id
#0 C:\xampp\htdocs\movie\spxmovie\app\Views\anime\video.php(131): CodeIgniter\Debug\Exceptions->errorHandler(8, 'Undefined index...', 'C:\\xampp\\htdocs...', 131, Array)
#1 C:\xampp\htdocs\movie\spxmovie\system\View\View.php(236): include('C:\\xampp\\htdocs...')
#2 C:\xampp\htdocs\movie\spxmovie\system\Common.php(1071): CodeIgniter\View\View->render('anime/video.php', Array, true)
#3 C:\xampp\htdocs\movie\spxmovie\app\Controllers\Anime.php(144): view('anime/video.php', Array)
#4 C:\xampp\htdocs\movie\spxmovie\system\CodeIgniter.php(910): App\Controllers\Anime->anime('261', 'Kakushigoto-%E0...', '0', 'Kakushigoto-%E0...')
#5 C:\xampp\htdocs\movie\spxmovie\system\CodeIgniter.php(398): CodeIgniter\CodeIgniter->runController(Object(App\Controllers\Anime))
#6 C:\xampp\htdocs\movie\spxmovie\system\CodeIgniter.php(306): CodeIgniter\CodeIgniter->handleRequest(NULL, Object(Config\Cache), false)
#7 C:\xampp\htdocs\movie\spxmovie\index.php(45): CodeIgniter\CodeIgniter->run()
#8 {main}
CRITICAL - 2020-12-18 20:32:17 --> Undefined index: movie_id
#0 C:\xampp\htdocs\movie\spxmovie\app\Views\anime\video.php(131): CodeIgniter\Debug\Exceptions->errorHandler(8, 'Undefined index...', 'C:\\xampp\\htdocs...', 131, Array)
#1 C:\xampp\htdocs\movie\spxmovie\system\View\View.php(236): include('C:\\xampp\\htdocs...')
#2 C:\xampp\htdocs\movie\spxmovie\system\Common.php(1071): CodeIgniter\View\View->render('anime/video.php', Array, true)
#3 C:\xampp\htdocs\movie\spxmovie\app\Controllers\Anime.php(144): view('anime/video.php', Array)
#4 C:\xampp\htdocs\movie\spxmovie\system\CodeIgniter.php(910): App\Controllers\Anime->anime('261', 'Kakushigoto-%E0...', '0', 'Kakushigoto-%E0...')
#5 C:\xampp\htdocs\movie\spxmovie\system\CodeIgniter.php(398): CodeIgniter\CodeIgniter->runController(Object(App\Controllers\Anime))
#6 C:\xampp\htdocs\movie\spxmovie\system\CodeIgniter.php(306): CodeIgniter\CodeIgniter->handleRequest(NULL, Object(Config\Cache), false)
#7 C:\xampp\htdocs\movie\spxmovie\index.php(45): CodeIgniter\CodeIgniter->run()
#8 {main}
CRITICAL - 2020-12-18 20:32:19 --> Undefined index: movie_id
#0 C:\xampp\htdocs\movie\spxmovie\app\Views\anime\video.php(131): CodeIgniter\Debug\Exceptions->errorHandler(8, 'Undefined index...', 'C:\\xampp\\htdocs...', 131, Array)
#1 C:\xampp\htdocs\movie\spxmovie\system\View\View.php(236): include('C:\\xampp\\htdocs...')
#2 C:\xampp\htdocs\movie\spxmovie\system\Common.php(1071): CodeIgniter\View\View->render('anime/video.php', Array, true)
#3 C:\xampp\htdocs\movie\spxmovie\app\Controllers\Anime.php(144): view('anime/video.php', Array)
#4 C:\xampp\htdocs\movie\spxmovie\system\CodeIgniter.php(910): App\Controllers\Anime->anime('261', 'Kakushigoto-%E0...', '0', 'Kakushigoto-%E0...')
#5 C:\xampp\htdocs\movie\spxmovie\system\CodeIgniter.php(398): CodeIgniter\CodeIgniter->runController(Object(App\Controllers\Anime))
#6 C:\xampp\htdocs\movie\spxmovie\system\CodeIgniter.php(306): CodeIgniter\CodeIgniter->handleRequest(NULL, Object(Config\Cache), false)
#7 C:\xampp\htdocs\movie\spxmovie\index.php(45): CodeIgniter\CodeIgniter->run()
#8 {main}
CRITICAL - 2020-12-18 20:37:53 --> Undefined property: App\Controllers\Anime::$VideoModel
#0 C:\xampp\htdocs\movie\spxmovie\app\Controllers\Anime.php(310): CodeIgniter\Debug\Exceptions->errorHandler(8, 'Undefined prope...', 'C:\\xampp\\htdocs...', 310, Array)
#1 C:\xampp\htdocs\movie\spxmovie\system\CodeIgniter.php(910): App\Controllers\Anime->category('43', '%E0%B8%9E%E0%B8...')
#2 C:\xampp\htdocs\movie\spxmovie\system\CodeIgniter.php(398): CodeIgniter\CodeIgniter->runController(Object(App\Controllers\Anime))
#3 C:\xampp\htdocs\movie\spxmovie\system\CodeIgniter.php(306): CodeIgniter\CodeIgniter->handleRequest(NULL, Object(Config\Cache), false)
#4 C:\xampp\htdocs\movie\spxmovie\index.php(45): CodeIgniter\CodeIgniter->run()
#5 {main}
CRITICAL - 2020-12-18 21:50:24 --> Undefined index: ep_data
#0 C:\xampp\htdocs\movie\spxmovie\app\Views\anime\search.php(21): CodeIgniter\Debug\Exceptions->errorHandler(8, 'Undefined index...', 'C:\\xampp\\htdocs...', 21, Array)
#1 C:\xampp\htdocs\movie\spxmovie\system\View\View.php(236): include('C:\\xampp\\htdocs...')
#2 C:\xampp\htdocs\movie\spxmovie\system\Common.php(1071): CodeIgniter\View\View->render('anime/search.ph...', Array, true)
#3 C:\xampp\htdocs\movie\spxmovie\app\Controllers\Anime.php(302): view('anime/search.ph...', Array)
#4 C:\xampp\htdocs\movie\spxmovie\system\CodeIgniter.php(910): App\Controllers\Anime->search('boku')
#5 C:\xampp\htdocs\movie\spxmovie\system\CodeIgniter.php(398): CodeIgniter\CodeIgniter->runController(Object(App\Controllers\Anime))
#6 C:\xampp\htdocs\movie\spxmovie\system\CodeIgniter.php(306): CodeIgniter\CodeIgniter->handleRequest(NULL, Object(Config\Cache), false)
#7 C:\xampp\htdocs\movie\spxmovie\index.php(45): CodeIgniter\CodeIgniter->run()
#8 {main}
CRITICAL - 2020-12-18 23:28:23 --> Undefined index: request_text
#0 C:\xampp\htdocs\movie\spxmovie\app\Controllers\Anime.php(384): CodeIgniter\Debug\Exceptions->errorHandler(8, 'Undefined index...', 'C:\\xampp\\htdocs...', 384, Array)
#1 C:\xampp\htdocs\movie\spxmovie\system\CodeIgniter.php(910): App\Controllers\Anime->save_requests()
#2 C:\xampp\htdocs\movie\spxmovie\system\CodeIgniter.php(398): CodeIgniter\CodeIgniter->runController(Object(App\Controllers\Anime))
#3 C:\xampp\htdocs\movie\spxmovie\system\CodeIgniter.php(306): CodeIgniter\CodeIgniter->handleRequest(NULL, Object(Config\Cache), false)
#4 C:\xampp\htdocs\movie\spxmovie\index.php(45): CodeIgniter\CodeIgniter->run()
#5 {main}
CRITICAL - 2020-12-18 23:28:41 --> Undefined index: request_text
#0 C:\xampp\htdocs\movie\spxmovie\app\Controllers\Anime.php(384): CodeIgniter\Debug\Exceptions->errorHandler(8, 'Undefined index...', 'C:\\xampp\\htdocs...', 384, Array)
#1 C:\xampp\htdocs\movie\spxmovie\system\CodeIgniter.php(910): App\Controllers\Anime->save_requests()
#2 C:\xampp\htdocs\movie\spxmovie\system\CodeIgniter.php(398): CodeIgniter\CodeIgniter->runController(Object(App\Controllers\Anime))
#3 C:\xampp\htdocs\movie\spxmovie\system\CodeIgniter.php(306): CodeIgniter\CodeIgniter->handleRequest(NULL, Object(Config\Cache), false)
#4 C:\xampp\htdocs\movie\spxmovie\index.php(45): CodeIgniter\CodeIgniter->run()
#5 {main}
