CRITICAL - 2020-12-09 02:23:50 --> Undefined variable: backURL
#0 C:\xampp\htdocs\movie\spxmovie\app\Views\templates\header.php(27): CodeIgniter\Debug\Exceptions->errorHandler(8, 'Undefined varia...', 'C:\\xampp\\htdocs...', 27, Array)
#1 C:\xampp\htdocs\movie\spxmovie\system\View\View.php(236): include('C:\\xampp\\htdocs...')
#2 C:\xampp\htdocs\movie\spxmovie\system\Common.php(1071): CodeIgniter\View\View->render('templates/heade...', Array, true)
#3 C:\xampp\htdocs\movie\spxmovie\app\Controllers\Movie.php(288): view('templates/heade...', Array)
#4 C:\xampp\htdocs\movie\spxmovie\system\CodeIgniter.php(910): App\Controllers\Movie->categorylist()
#5 C:\xampp\htdocs\movie\spxmovie\system\CodeIgniter.php(398): CodeIgniter\CodeIgniter->runController(Object(App\Controllers\Movie))
#6 C:\xampp\htdocs\movie\spxmovie\system\CodeIgniter.php(306): CodeIgniter\CodeIgniter->handleRequest(NULL, Object(Config\Cache), false)
#7 C:\xampp\htdocs\movie\spxmovie\index.php(45): CodeIgniter\CodeIgniter->run()
#8 {main}
CRITICAL - 2020-12-09 02:23:59 --> Undefined variable: backURL
#0 C:\xampp\htdocs\movie\spxmovie\app\Views\templates\header.php(27): CodeIgniter\Debug\Exceptions->errorHandler(8, 'Undefined varia...', 'C:\\xampp\\htdocs...', 27, Array)
#1 C:\xampp\htdocs\movie\spxmovie\system\View\View.php(236): include('C:\\xampp\\htdocs...')
#2 C:\xampp\htdocs\movie\spxmovie\system\Common.php(1071): CodeIgniter\View\View->render('templates/heade...', Array, true)
#3 C:\xampp\htdocs\movie\spxmovie\app\Controllers\Movie.php(288): view('templates/heade...', Array)
#4 C:\xampp\htdocs\movie\spxmovie\system\CodeIgniter.php(910): App\Controllers\Movie->categorylist()
#5 C:\xampp\htdocs\movie\spxmovie\system\CodeIgniter.php(398): CodeIgniter\CodeIgniter->runController(Object(App\Controllers\Movie))
#6 C:\xampp\htdocs\movie\spxmovie\system\CodeIgniter.php(306): CodeIgniter\CodeIgniter->handleRequest(NULL, Object(Config\Cache), false)
#7 C:\xampp\htdocs\movie\spxmovie\index.php(45): CodeIgniter\CodeIgniter->run()
#8 {main}
