CRITICAL - 2020-12-07 01:03:42 --> Undefined variable: backURL
#0 C:\xampp\htdocs\movie\spxmovie\app\Views\templates\header.php(27): CodeIgniter\Debug\Exceptions->errorHandler(8, 'Undefined varia...', 'C:\\xampp\\htdocs...', 27, Array)
#1 C:\xampp\htdocs\movie\spxmovie\system\View\View.php(236): include('C:\\xampp\\htdocs...')
#2 C:\xampp\htdocs\movie\spxmovie\system\Common.php(1071): CodeIgniter\View\View->render('templates/heade...', Array, true)
#3 C:\xampp\htdocs\movie\spxmovie\app\Controllers\Movie.php(215): view('templates/heade...', Array)
#4 C:\xampp\htdocs\movie\spxmovie\system\CodeIgniter.php(910): App\Controllers\Movie->series('9962', 'My-Country-The-...')
#5 C:\xampp\htdocs\movie\spxmovie\system\CodeIgniter.php(398): CodeIgniter\CodeIgniter->runController(Object(App\Controllers\Movie))
#6 C:\xampp\htdocs\movie\spxmovie\system\CodeIgniter.php(306): CodeIgniter\CodeIgniter->handleRequest(NULL, Object(Config\Cache), false)
#7 C:\xampp\htdocs\movie\spxmovie\index.php(45): CodeIgniter\CodeIgniter->run()
#8 {main}
CRITICAL - 2020-12-07 01:03:49 --> Undefined variable: backURL
#0 C:\xampp\htdocs\movie\spxmovie\app\Views\templates\header.php(27): CodeIgniter\Debug\Exceptions->errorHandler(8, 'Undefined varia...', 'C:\\xampp\\htdocs...', 27, Array)
#1 C:\xampp\htdocs\movie\spxmovie\system\View\View.php(236): include('C:\\xampp\\htdocs...')
#2 C:\xampp\htdocs\movie\spxmovie\system\Common.php(1071): CodeIgniter\View\View->render('templates/heade...', Array, true)
#3 C:\xampp\htdocs\movie\spxmovie\app\Controllers\Movie.php(215): view('templates/heade...', Array)
#4 C:\xampp\htdocs\movie\spxmovie\system\CodeIgniter.php(910): App\Controllers\Movie->series('9962', 'My-Country-The-...')
#5 C:\xampp\htdocs\movie\spxmovie\system\CodeIgniter.php(398): CodeIgniter\CodeIgniter->runController(Object(App\Controllers\Movie))
#6 C:\xampp\htdocs\movie\spxmovie\system\CodeIgniter.php(306): CodeIgniter\CodeIgniter->handleRequest(NULL, Object(Config\Cache), false)
#7 C:\xampp\htdocs\movie\spxmovie\index.php(45): CodeIgniter\CodeIgniter->run()
#8 {main}
CRITICAL - 2020-12-07 02:16:17 --> Undefined variable: backURL
#0 C:\xampp\htdocs\movie\spxmovie\app\Views\templates\header.php(27): CodeIgniter\Debug\Exceptions->errorHandler(8, 'Undefined varia...', 'C:\\xampp\\htdocs...', 27, Array)
#1 C:\xampp\htdocs\movie\spxmovie\system\View\View.php(236): include('C:\\xampp\\htdocs...')
#2 C:\xampp\htdocs\movie\spxmovie\system\Common.php(1071): CodeIgniter\View\View->render('templates/heade...', Array, true)
#3 C:\xampp\htdocs\movie\spxmovie\app\Controllers\Movie.php(215): view('templates/heade...', Array)
#4 C:\xampp\htdocs\movie\spxmovie\system\CodeIgniter.php(910): App\Controllers\Movie->series('9274', 'Crash-Landing-o...')
#5 C:\xampp\htdocs\movie\spxmovie\system\CodeIgniter.php(398): CodeIgniter\CodeIgniter->runController(Object(App\Controllers\Movie))
#6 C:\xampp\htdocs\movie\spxmovie\system\CodeIgniter.php(306): CodeIgniter\CodeIgniter->handleRequest(NULL, Object(Config\Cache), false)
#7 C:\xampp\htdocs\movie\spxmovie\index.php(45): CodeIgniter\CodeIgniter->run()
#8 {main}
CRITICAL - 2020-12-07 02:16:20 --> Undefined variable: backURL
#0 C:\xampp\htdocs\movie\spxmovie\app\Views\templates\header.php(27): CodeIgniter\Debug\Exceptions->errorHandler(8, 'Undefined varia...', 'C:\\xampp\\htdocs...', 27, Array)
#1 C:\xampp\htdocs\movie\spxmovie\system\View\View.php(236): include('C:\\xampp\\htdocs...')
#2 C:\xampp\htdocs\movie\spxmovie\system\Common.php(1071): CodeIgniter\View\View->render('templates/heade...', Array, true)
#3 C:\xampp\htdocs\movie\spxmovie\app\Controllers\Movie.php(215): view('templates/heade...', Array)
#4 C:\xampp\htdocs\movie\spxmovie\system\CodeIgniter.php(910): App\Controllers\Movie->series('9273', 'Itaewon-Class-%...')
#5 C:\xampp\htdocs\movie\spxmovie\system\CodeIgniter.php(398): CodeIgniter\CodeIgniter->runController(Object(App\Controllers\Movie))
#6 C:\xampp\htdocs\movie\spxmovie\system\CodeIgniter.php(306): CodeIgniter\CodeIgniter->handleRequest(NULL, Object(Config\Cache), false)
#7 C:\xampp\htdocs\movie\spxmovie\index.php(45): CodeIgniter\CodeIgniter->run()
#8 {main}
CRITICAL - 2020-12-07 02:16:23 --> Undefined variable: backURL
#0 C:\xampp\htdocs\movie\spxmovie\app\Views\templates\header.php(27): CodeIgniter\Debug\Exceptions->errorHandler(8, 'Undefined varia...', 'C:\\xampp\\htdocs...', 27, Array)
#1 C:\xampp\htdocs\movie\spxmovie\system\View\View.php(236): include('C:\\xampp\\htdocs...')
#2 C:\xampp\htdocs\movie\spxmovie\system\Common.php(1071): CodeIgniter\View\View->render('templates/heade...', Array, true)
#3 C:\xampp\htdocs\movie\spxmovie\app\Controllers\Movie.php(215): view('templates/heade...', Array)
#4 C:\xampp\htdocs\movie\spxmovie\system\CodeIgniter.php(910): App\Controllers\Movie->series('9273', 'Itaewon-Class-%...')
#5 C:\xampp\htdocs\movie\spxmovie\system\CodeIgniter.php(398): CodeIgniter\CodeIgniter->runController(Object(App\Controllers\Movie))
#6 C:\xampp\htdocs\movie\spxmovie\system\CodeIgniter.php(306): CodeIgniter\CodeIgniter->handleRequest(NULL, Object(Config\Cache), false)
#7 C:\xampp\htdocs\movie\spxmovie\index.php(45): CodeIgniter\CodeIgniter->run()
#8 {main}
CRITICAL - 2020-12-07 03:42:07 --> syntax error, unexpected '?>'
#0 C:\xampp\htdocs\movie\spxmovie\system\Common.php(1071): CodeIgniter\View\View->render('movie/video.php', Array, true)
#1 C:\xampp\htdocs\movie\spxmovie\app\Controllers\Movie.php(215): view('movie/video.php', Array)
#2 C:\xampp\htdocs\movie\spxmovie\system\CodeIgniter.php(910): App\Controllers\Movie->series('9762', 'It%27s-Okay-to-...')
#3 C:\xampp\htdocs\movie\spxmovie\system\CodeIgniter.php(398): CodeIgniter\CodeIgniter->runController(Object(App\Controllers\Movie))
#4 C:\xampp\htdocs\movie\spxmovie\system\CodeIgniter.php(306): CodeIgniter\CodeIgniter->handleRequest(NULL, Object(Config\Cache), false)
#5 C:\xampp\htdocs\movie\spxmovie\index.php(45): CodeIgniter\CodeIgniter->run()
#6 {main}
CRITICAL - 2020-12-07 04:00:24 --> Undefined index: name_ep
#0 C:\xampp\htdocs\movie\spxmovie\app\Views\movie\video.php(15): CodeIgniter\Debug\Exceptions->errorHandler(8, 'Undefined index...', 'C:\\xampp\\htdocs...', 15, Array)
#1 C:\xampp\htdocs\movie\spxmovie\system\View\View.php(236): include('C:\\xampp\\htdocs...')
#2 C:\xampp\htdocs\movie\spxmovie\system\Common.php(1071): CodeIgniter\View\View->render('movie/video.php', Array, true)
#3 C:\xampp\htdocs\movie\spxmovie\app\Controllers\Movie.php(147): view('movie/video.php', Array)
#4 C:\xampp\htdocs\movie\spxmovie\system\CodeIgniter.php(910): App\Controllers\Movie->video('20072', 'The-New-Mutants...')
#5 C:\xampp\htdocs\movie\spxmovie\system\CodeIgniter.php(398): CodeIgniter\CodeIgniter->runController(Object(App\Controllers\Movie))
#6 C:\xampp\htdocs\movie\spxmovie\system\CodeIgniter.php(306): CodeIgniter\CodeIgniter->handleRequest(NULL, Object(Config\Cache), false)
#7 C:\xampp\htdocs\movie\spxmovie\index.php(45): CodeIgniter\CodeIgniter->run()
#8 {main}
CRITICAL - 2020-12-07 04:00:33 --> Undefined index: name_ep
#0 C:\xampp\htdocs\movie\spxmovie\app\Views\movie\video.php(71): CodeIgniter\Debug\Exceptions->errorHandler(8, 'Undefined index...', 'C:\\xampp\\htdocs...', 71, Array)
#1 C:\xampp\htdocs\movie\spxmovie\system\View\View.php(236): include('C:\\xampp\\htdocs...')
#2 C:\xampp\htdocs\movie\spxmovie\system\Common.php(1071): CodeIgniter\View\View->render('movie/video.php', Array, true)
#3 C:\xampp\htdocs\movie\spxmovie\app\Controllers\Movie.php(147): view('movie/video.php', Array)
#4 C:\xampp\htdocs\movie\spxmovie\system\CodeIgniter.php(910): App\Controllers\Movie->video('20072', 'The-New-Mutants...')
#5 C:\xampp\htdocs\movie\spxmovie\system\CodeIgniter.php(398): CodeIgniter\CodeIgniter->runController(Object(App\Controllers\Movie))
#6 C:\xampp\htdocs\movie\spxmovie\system\CodeIgniter.php(306): CodeIgniter\CodeIgniter->handleRequest(NULL, Object(Config\Cache), false)
#7 C:\xampp\htdocs\movie\spxmovie\index.php(45): CodeIgniter\CodeIgniter->run()
#8 {main}
CRITICAL - 2020-12-07 04:09:41 --> Invalid file: {0}
#0 C:\xampp\htdocs\movie\spxmovie\system\View\View.php(224): CodeIgniter\Exceptions\FrameworkException::forInvalidFile('player.php')
#1 C:\xampp\htdocs\movie\spxmovie\system\Common.php(1071): CodeIgniter\View\View->render('player.php', Array, true)
#2 C:\xampp\htdocs\movie\spxmovie\app\Controllers\Movie.php(480): view('player.php', Array)
#3 C:\xampp\htdocs\movie\spxmovie\system\CodeIgniter.php(910): App\Controllers\Movie->player('9762', '5')
#4 C:\xampp\htdocs\movie\spxmovie\system\CodeIgniter.php(398): CodeIgniter\CodeIgniter->runController(Object(App\Controllers\Movie))
#5 C:\xampp\htdocs\movie\spxmovie\system\CodeIgniter.php(306): CodeIgniter\CodeIgniter->handleRequest(NULL, Object(Config\Cache), false)
#6 C:\xampp\htdocs\movie\spxmovie\index.php(45): CodeIgniter\CodeIgniter->run()
#7 {main}
CRITICAL - 2020-12-07 04:09:51 --> Invalid file: {0}
#0 C:\xampp\htdocs\movie\spxmovie\system\View\View.php(224): CodeIgniter\Exceptions\FrameworkException::forInvalidFile('player.php')
#1 C:\xampp\htdocs\movie\spxmovie\system\Common.php(1071): CodeIgniter\View\View->render('player.php', Array, true)
#2 C:\xampp\htdocs\movie\spxmovie\app\Controllers\Movie.php(480): view('player.php', Array)
#3 C:\xampp\htdocs\movie\spxmovie\system\CodeIgniter.php(910): App\Controllers\Movie->player('20072', 'a')
#4 C:\xampp\htdocs\movie\spxmovie\system\CodeIgniter.php(398): CodeIgniter\CodeIgniter->runController(Object(App\Controllers\Movie))
#5 C:\xampp\htdocs\movie\spxmovie\system\CodeIgniter.php(306): CodeIgniter\CodeIgniter->handleRequest(NULL, Object(Config\Cache), false)
#6 C:\xampp\htdocs\movie\spxmovie\index.php(45): CodeIgniter\CodeIgniter->run()
#7 {main}
CRITICAL - 2020-12-07 04:10:52 --> Invalid file: {0}
#0 C:\xampp\htdocs\movie\spxmovie\system\View\View.php(224): CodeIgniter\Exceptions\FrameworkException::forInvalidFile('player.php')
#1 C:\xampp\htdocs\movie\spxmovie\system\Common.php(1071): CodeIgniter\View\View->render('player.php', Array, true)
#2 C:\xampp\htdocs\movie\spxmovie\app\Controllers\Movie.php(480): view('player.php', Array)
#3 C:\xampp\htdocs\movie\spxmovie\system\CodeIgniter.php(910): App\Controllers\Movie->player('20072', 'a')
#4 C:\xampp\htdocs\movie\spxmovie\system\CodeIgniter.php(398): CodeIgniter\CodeIgniter->runController(Object(App\Controllers\Movie))
#5 C:\xampp\htdocs\movie\spxmovie\system\CodeIgniter.php(306): CodeIgniter\CodeIgniter->handleRequest(NULL, Object(Config\Cache), false)
#6 C:\xampp\htdocs\movie\spxmovie\index.php(45): CodeIgniter\CodeIgniter->run()
#7 {main}
CRITICAL - 2020-12-07 04:19:29 --> Undefined variable: url_name
#0 C:\xampp\htdocs\movie\spxmovie\app\Views\movie\video.php(111): CodeIgniter\Debug\Exceptions->errorHandler(8, 'Undefined varia...', 'C:\\xampp\\htdocs...', 111, Array)
#1 C:\xampp\htdocs\movie\spxmovie\system\View\View.php(236): include('C:\\xampp\\htdocs...')
#2 C:\xampp\htdocs\movie\spxmovie\system\Common.php(1071): CodeIgniter\View\View->render('movie/video.php', Array, true)
#3 C:\xampp\htdocs\movie\spxmovie\app\Controllers\Movie.php(215): view('movie/video.php', Array)
#4 C:\xampp\htdocs\movie\spxmovie\system\CodeIgniter.php(910): App\Controllers\Movie->series('9762', 'It%27s-Okay-to-...')
#5 C:\xampp\htdocs\movie\spxmovie\system\CodeIgniter.php(398): CodeIgniter\CodeIgniter->runController(Object(App\Controllers\Movie))
#6 C:\xampp\htdocs\movie\spxmovie\system\CodeIgniter.php(306): CodeIgniter\CodeIgniter->handleRequest(NULL, Object(Config\Cache), false)
#7 C:\xampp\htdocs\movie\spxmovie\index.php(45): CodeIgniter\CodeIgniter->run()
#8 {main}
CRITICAL - 2020-12-07 04:20:50 --> Undefined variable: movie_picture
#0 C:\xampp\htdocs\movie\spxmovie\app\Views\movie\video.php(111): CodeIgniter\Debug\Exceptions->errorHandler(8, 'Undefined varia...', 'C:\\xampp\\htdocs...', 111, Array)
#1 C:\xampp\htdocs\movie\spxmovie\system\View\View.php(236): include('C:\\xampp\\htdocs...')
#2 C:\xampp\htdocs\movie\spxmovie\system\Common.php(1071): CodeIgniter\View\View->render('movie/video.php', Array, true)
#3 C:\xampp\htdocs\movie\spxmovie\app\Controllers\Movie.php(215): view('movie/video.php', Array)
#4 C:\xampp\htdocs\movie\spxmovie\system\CodeIgniter.php(910): App\Controllers\Movie->series('9762', 'It%27s-Okay-to-...')
#5 C:\xampp\htdocs\movie\spxmovie\system\CodeIgniter.php(398): CodeIgniter\CodeIgniter->runController(Object(App\Controllers\Movie))
#6 C:\xampp\htdocs\movie\spxmovie\system\CodeIgniter.php(306): CodeIgniter\CodeIgniter->handleRequest(NULL, Object(Config\Cache), false)
#7 C:\xampp\htdocs\movie\spxmovie\index.php(45): CodeIgniter\CodeIgniter->run()
#8 {main}
CRITICAL - 2020-12-07 04:22:24 --> Undefined variable: movie_picture
#0 C:\xampp\htdocs\movie\spxmovie\app\Views\movie\video.php(113): CodeIgniter\Debug\Exceptions->errorHandler(8, 'Undefined varia...', 'C:\\xampp\\htdocs...', 113, Array)
#1 C:\xampp\htdocs\movie\spxmovie\system\View\View.php(236): include('C:\\xampp\\htdocs...')
#2 C:\xampp\htdocs\movie\spxmovie\system\Common.php(1071): CodeIgniter\View\View->render('movie/video.php', Array, true)
#3 C:\xampp\htdocs\movie\spxmovie\app\Controllers\Movie.php(215): view('movie/video.php', Array)
#4 C:\xampp\htdocs\movie\spxmovie\system\CodeIgniter.php(910): App\Controllers\Movie->series('9762', 'It%27s-Okay-to-...')
#5 C:\xampp\htdocs\movie\spxmovie\system\CodeIgniter.php(398): CodeIgniter\CodeIgniter->runController(Object(App\Controllers\Movie))
#6 C:\xampp\htdocs\movie\spxmovie\system\CodeIgniter.php(306): CodeIgniter\CodeIgniter->handleRequest(NULL, Object(Config\Cache), false)
#7 C:\xampp\htdocs\movie\spxmovie\index.php(45): CodeIgniter\CodeIgniter->run()
#8 {main}
