CRITICAL - 2020-12-06 01:48:57 --> Undefined index: anime
#0 C:\xampp\htdocs\movie\spxmovie\app\Views\templates\header.php(68): CodeIgniter\Debug\Exceptions->errorHandler(8, 'Undefined index...', 'C:\\xampp\\htdocs...', 68, Array)
#1 C:\xampp\htdocs\movie\spxmovie\system\View\View.php(236): include('C:\\xampp\\htdocs...')
#2 C:\xampp\htdocs\movie\spxmovie\system\Common.php(1071): CodeIgniter\View\View->render('templates/heade...', Array, true)
#3 C:\xampp\htdocs\movie\spxmovie\app\Controllers\Movie.php(214): view('templates/heade...', Array)
#4 C:\xampp\htdocs\movie\spxmovie\system\CodeIgniter.php(910): App\Controllers\Movie->series('9800', 'Ultraman-%28201...')
#5 C:\xampp\htdocs\movie\spxmovie\system\CodeIgniter.php(398): CodeIgniter\CodeIgniter->runController(Object(App\Controllers\Movie))
#6 C:\xampp\htdocs\movie\spxmovie\system\CodeIgniter.php(306): CodeIgniter\CodeIgniter->handleRequest(NULL, Object(Config\Cache), false)
#7 C:\xampp\htdocs\movie\spxmovie\index.php(45): CodeIgniter\CodeIgniter->run()
#8 {main}
CRITICAL - 2020-12-06 02:01:39 --> Undefined index: anime
#0 C:\xampp\htdocs\movie\spxmovie\app\Views\templates\header.php(68): CodeIgniter\Debug\Exceptions->errorHandler(8, 'Undefined index...', 'C:\\xampp\\htdocs...', 68, Array)
#1 C:\xampp\htdocs\movie\spxmovie\system\View\View.php(236): include('C:\\xampp\\htdocs...')
#2 C:\xampp\htdocs\movie\spxmovie\system\Common.php(1071): CodeIgniter\View\View->render('templates/heade...', Array, true)
#3 C:\xampp\htdocs\movie\spxmovie\app\Controllers\Movie.php(149): view('templates/heade...', Array)
#4 C:\xampp\htdocs\movie\spxmovie\system\CodeIgniter.php(910): App\Controllers\Movie->video('20044', 'Cosmoball-%2820...')
#5 C:\xampp\htdocs\movie\spxmovie\system\CodeIgniter.php(398): CodeIgniter\CodeIgniter->runController(Object(App\Controllers\Movie))
#6 C:\xampp\htdocs\movie\spxmovie\system\CodeIgniter.php(306): CodeIgniter\CodeIgniter->handleRequest(NULL, Object(Config\Cache), false)
#7 C:\xampp\htdocs\movie\spxmovie\index.php(45): CodeIgniter\CodeIgniter->run()
#8 {main}
CRITICAL - 2020-12-06 03:10:57 --> Call to undefined function dump()
#0 C:\xampp\htdocs\movie\spxmovie\system\View\View.php(236): include()
#1 C:\xampp\htdocs\movie\spxmovie\system\Common.php(1071): CodeIgniter\View\View->render('movie/video.php', Array, true)
#2 C:\xampp\htdocs\movie\spxmovie\app\Controllers\Movie.php(147): view('movie/video.php', Array)
#3 C:\xampp\htdocs\movie\spxmovie\system\CodeIgniter.php(910): App\Controllers\Movie->video('20072', 'The-New-Mutants...')
#4 C:\xampp\htdocs\movie\spxmovie\system\CodeIgniter.php(398): CodeIgniter\CodeIgniter->runController(Object(App\Controllers\Movie))
#5 C:\xampp\htdocs\movie\spxmovie\system\CodeIgniter.php(306): CodeIgniter\CodeIgniter->handleRequest(NULL, Object(Config\Cache), false)
#6 C:\xampp\htdocs\movie\spxmovie\index.php(45): CodeIgniter\CodeIgniter->run()
#7 {main}
CRITICAL - 2020-12-06 03:11:14 --> Undefined variable: body_data
#0 C:\xampp\htdocs\movie\spxmovie\app\Views\movie\video.php(12): CodeIgniter\Debug\Exceptions->errorHandler(8, 'Undefined varia...', 'C:\\xampp\\htdocs...', 12, Array)
#1 C:\xampp\htdocs\movie\spxmovie\system\View\View.php(236): include('C:\\xampp\\htdocs...')
#2 C:\xampp\htdocs\movie\spxmovie\system\Common.php(1071): CodeIgniter\View\View->render('movie/video.php', Array, true)
#3 C:\xampp\htdocs\movie\spxmovie\app\Controllers\Movie.php(147): view('movie/video.php', Array)
#4 C:\xampp\htdocs\movie\spxmovie\system\CodeIgniter.php(910): App\Controllers\Movie->video('20072', 'The-New-Mutants...')
#5 C:\xampp\htdocs\movie\spxmovie\system\CodeIgniter.php(398): CodeIgniter\CodeIgniter->runController(Object(App\Controllers\Movie))
#6 C:\xampp\htdocs\movie\spxmovie\system\CodeIgniter.php(306): CodeIgniter\CodeIgniter->handleRequest(NULL, Object(Config\Cache), false)
#7 C:\xampp\htdocs\movie\spxmovie\index.php(45): CodeIgniter\CodeIgniter->run()
#8 {main}
CRITICAL - 2020-12-06 03:11:27 --> Undefined variable: body_data
#0 C:\xampp\htdocs\movie\spxmovie\app\Views\movie\video.php(12): CodeIgniter\Debug\Exceptions->errorHandler(8, 'Undefined varia...', 'C:\\xampp\\htdocs...', 12, Array)
#1 C:\xampp\htdocs\movie\spxmovie\system\View\View.php(236): include('C:\\xampp\\htdocs...')
#2 C:\xampp\htdocs\movie\spxmovie\system\Common.php(1071): CodeIgniter\View\View->render('movie/video.php', Array, true)
#3 C:\xampp\htdocs\movie\spxmovie\app\Controllers\Movie.php(147): view('movie/video.php', Array)
#4 C:\xampp\htdocs\movie\spxmovie\system\CodeIgniter.php(910): App\Controllers\Movie->video('20072', 'The-New-Mutants...')
#5 C:\xampp\htdocs\movie\spxmovie\system\CodeIgniter.php(398): CodeIgniter\CodeIgniter->runController(Object(App\Controllers\Movie))
#6 C:\xampp\htdocs\movie\spxmovie\system\CodeIgniter.php(306): CodeIgniter\CodeIgniter->handleRequest(NULL, Object(Config\Cache), false)
#7 C:\xampp\htdocs\movie\spxmovie\index.php(45): CodeIgniter\CodeIgniter->run()
#8 {main}
CRITICAL - 2020-12-06 03:11:35 --> Undefined variable: body_data
#0 C:\xampp\htdocs\movie\spxmovie\app\Views\movie\video.php(12): CodeIgniter\Debug\Exceptions->errorHandler(8, 'Undefined varia...', 'C:\\xampp\\htdocs...', 12, Array)
#1 C:\xampp\htdocs\movie\spxmovie\system\View\View.php(236): include('C:\\xampp\\htdocs...')
#2 C:\xampp\htdocs\movie\spxmovie\system\Common.php(1071): CodeIgniter\View\View->render('movie/video.php', Array, true)
#3 C:\xampp\htdocs\movie\spxmovie\app\Controllers\Movie.php(147): view('movie/video.php', Array)
#4 C:\xampp\htdocs\movie\spxmovie\system\CodeIgniter.php(910): App\Controllers\Movie->video('20072', 'The-New-Mutants...')
#5 C:\xampp\htdocs\movie\spxmovie\system\CodeIgniter.php(398): CodeIgniter\CodeIgniter->runController(Object(App\Controllers\Movie))
#6 C:\xampp\htdocs\movie\spxmovie\system\CodeIgniter.php(306): CodeIgniter\CodeIgniter->handleRequest(NULL, Object(Config\Cache), false)
#7 C:\xampp\htdocs\movie\spxmovie\index.php(45): CodeIgniter\CodeIgniter->run()
#8 {main}
CRITICAL - 2020-12-06 03:12:17 --> Undefined variable: body_data
#0 C:\xampp\htdocs\movie\spxmovie\app\Views\movie\video.php(12): CodeIgniter\Debug\Exceptions->errorHandler(8, 'Undefined varia...', 'C:\\xampp\\htdocs...', 12, Array)
#1 C:\xampp\htdocs\movie\spxmovie\system\View\View.php(236): include('C:\\xampp\\htdocs...')
#2 C:\xampp\htdocs\movie\spxmovie\system\Common.php(1071): CodeIgniter\View\View->render('movie/video.php', Array, true)
#3 C:\xampp\htdocs\movie\spxmovie\app\Controllers\Movie.php(147): view('movie/video.php', Array)
#4 C:\xampp\htdocs\movie\spxmovie\system\CodeIgniter.php(910): App\Controllers\Movie->video('20072', 'The-New-Mutants...')
#5 C:\xampp\htdocs\movie\spxmovie\system\CodeIgniter.php(398): CodeIgniter\CodeIgniter->runController(Object(App\Controllers\Movie))
#6 C:\xampp\htdocs\movie\spxmovie\system\CodeIgniter.php(306): CodeIgniter\CodeIgniter->handleRequest(NULL, Object(Config\Cache), false)
#7 C:\xampp\htdocs\movie\spxmovie\index.php(45): CodeIgniter\CodeIgniter->run()
#8 {main}
CRITICAL - 2020-12-06 03:12:29 --> Undefined variable: body_data
#0 C:\xampp\htdocs\movie\spxmovie\app\Views\movie\video.php(12): CodeIgniter\Debug\Exceptions->errorHandler(8, 'Undefined varia...', 'C:\\xampp\\htdocs...', 12, Array)
#1 C:\xampp\htdocs\movie\spxmovie\system\View\View.php(236): include('C:\\xampp\\htdocs...')
#2 C:\xampp\htdocs\movie\spxmovie\system\Common.php(1071): CodeIgniter\View\View->render('movie/video.php', Array, true)
#3 C:\xampp\htdocs\movie\spxmovie\app\Controllers\Movie.php(147): view('movie/video.php', Array)
#4 C:\xampp\htdocs\movie\spxmovie\system\CodeIgniter.php(910): App\Controllers\Movie->video('20072', 'The-New-Mutants...')
#5 C:\xampp\htdocs\movie\spxmovie\system\CodeIgniter.php(398): CodeIgniter\CodeIgniter->runController(Object(App\Controllers\Movie))
#6 C:\xampp\htdocs\movie\spxmovie\system\CodeIgniter.php(306): CodeIgniter\CodeIgniter->handleRequest(NULL, Object(Config\Cache), false)
#7 C:\xampp\htdocs\movie\spxmovie\index.php(45): CodeIgniter\CodeIgniter->run()
#8 {main}
CRITICAL - 2020-12-06 03:12:41 --> Undefined variable: body_data
#0 C:\xampp\htdocs\movie\spxmovie\app\Views\movie\video.php(12): CodeIgniter\Debug\Exceptions->errorHandler(8, 'Undefined varia...', 'C:\\xampp\\htdocs...', 12, Array)
#1 C:\xampp\htdocs\movie\spxmovie\system\View\View.php(236): include('C:\\xampp\\htdocs...')
#2 C:\xampp\htdocs\movie\spxmovie\system\Common.php(1071): CodeIgniter\View\View->render('movie/video.php', Array, true)
#3 C:\xampp\htdocs\movie\spxmovie\app\Controllers\Movie.php(147): view('movie/video.php', Array)
#4 C:\xampp\htdocs\movie\spxmovie\system\CodeIgniter.php(910): App\Controllers\Movie->video('20072', 'The-New-Mutants...')
#5 C:\xampp\htdocs\movie\spxmovie\system\CodeIgniter.php(398): CodeIgniter\CodeIgniter->runController(Object(App\Controllers\Movie))
#6 C:\xampp\htdocs\movie\spxmovie\system\CodeIgniter.php(306): CodeIgniter\CodeIgniter->handleRequest(NULL, Object(Config\Cache), false)
#7 C:\xampp\htdocs\movie\spxmovie\index.php(45): CodeIgniter\CodeIgniter->run()
#8 {main}
CRITICAL - 2020-12-06 03:13:27 --> Undefined variable: body_data
#0 C:\xampp\htdocs\movie\spxmovie\app\Views\movie\video.php(12): CodeIgniter\Debug\Exceptions->errorHandler(8, 'Undefined varia...', 'C:\\xampp\\htdocs...', 12, Array)
#1 C:\xampp\htdocs\movie\spxmovie\system\View\View.php(236): include('C:\\xampp\\htdocs...')
#2 C:\xampp\htdocs\movie\spxmovie\system\Common.php(1071): CodeIgniter\View\View->render('movie/video.php', Array, true)
#3 C:\xampp\htdocs\movie\spxmovie\app\Controllers\Movie.php(147): view('movie/video.php', Array)
#4 C:\xampp\htdocs\movie\spxmovie\system\CodeIgniter.php(910): App\Controllers\Movie->video('20072', 'The-New-Mutants...')
#5 C:\xampp\htdocs\movie\spxmovie\system\CodeIgniter.php(398): CodeIgniter\CodeIgniter->runController(Object(App\Controllers\Movie))
#6 C:\xampp\htdocs\movie\spxmovie\system\CodeIgniter.php(306): CodeIgniter\CodeIgniter->handleRequest(NULL, Object(Config\Cache), false)
#7 C:\xampp\htdocs\movie\spxmovie\index.php(45): CodeIgniter\CodeIgniter->run()
#8 {main}
CRITICAL - 2020-12-06 03:16:27 --> Call to undefined function dump()
#0 C:\xampp\htdocs\movie\spxmovie\system\View\View.php(236): include()
#1 C:\xampp\htdocs\movie\spxmovie\system\Common.php(1071): CodeIgniter\View\View->render('movie/video.php', Array, true)
#2 C:\xampp\htdocs\movie\spxmovie\app\Controllers\Movie.php(147): view('movie/video.php', Array)
#3 C:\xampp\htdocs\movie\spxmovie\system\CodeIgniter.php(910): App\Controllers\Movie->video('20072', 'The-New-Mutants...')
#4 C:\xampp\htdocs\movie\spxmovie\system\CodeIgniter.php(398): CodeIgniter\CodeIgniter->runController(Object(App\Controllers\Movie))
#5 C:\xampp\htdocs\movie\spxmovie\system\CodeIgniter.php(306): CodeIgniter\CodeIgniter->handleRequest(NULL, Object(Config\Cache), false)
#6 C:\xampp\htdocs\movie\spxmovie\index.php(45): CodeIgniter\CodeIgniter->run()
#7 {main}
CRITICAL - 2020-12-06 03:16:38 --> Array to string conversion
#0 C:\xampp\htdocs\movie\spxmovie\app\Views\movie\video.php(13): CodeIgniter\Debug\Exceptions->errorHandler(8, 'Array to string...', 'C:\\xampp\\htdocs...', 13, Array)
#1 C:\xampp\htdocs\movie\spxmovie\system\View\View.php(236): include('C:\\xampp\\htdocs...')
#2 C:\xampp\htdocs\movie\spxmovie\system\Common.php(1071): CodeIgniter\View\View->render('movie/video.php', Array, true)
#3 C:\xampp\htdocs\movie\spxmovie\app\Controllers\Movie.php(147): view('movie/video.php', Array)
#4 C:\xampp\htdocs\movie\spxmovie\system\CodeIgniter.php(910): App\Controllers\Movie->video('20072', 'The-New-Mutants...')
#5 C:\xampp\htdocs\movie\spxmovie\system\CodeIgniter.php(398): CodeIgniter\CodeIgniter->runController(Object(App\Controllers\Movie))
#6 C:\xampp\htdocs\movie\spxmovie\system\CodeIgniter.php(306): CodeIgniter\CodeIgniter->handleRequest(NULL, Object(Config\Cache), false)
#7 C:\xampp\htdocs\movie\spxmovie\index.php(45): CodeIgniter\CodeIgniter->run()
#8 {main}
